# JRE version: Java(TM) SE Runtime Environment (8.0_60-b27) (build 1.8.0_60-b27)
# Java VM: Java HotSpot(TM) 64-Bit Server VM (25.60-b23 mixed mode windows-amd64 compressed oops)
Heap:
 PSYoungGen      total 24064K, used 6392K [0x00000000eb580000, 0x00000000ed500000, 0x0000000100000000)
  eden space 15872K, 35% used [0x00000000eb580000,0x00000000ebaf6320,0x00000000ec500000)
  from space 8192K, 9% used [0x00000000ec500000,0x00000000ec5c8000,0x00000000ecd00000)
  to   space 8192K, 0% used [0x00000000ecd00000,0x00000000ecd00000,0x00000000ed500000)
 ParOldGen       total 42496K, used 9187K [0x00000000c2000000, 0x00000000c4980000, 0x00000000eb580000)
  object space 42496K, 21% used [0x00000000c2000000,0x00000000c28f8c00,0x00000000c4980000)
 Metaspace       used 16428K, capacity 16734K, committed 16896K, reserved 1064960K
  class space    used 2094K, capacity 2195K, committed 2304K, reserved 1048576K
GC Heap History (10 events):
Event: 32.678 GC heap before
{Heap before GC invocations=5 (full 0):
 PSYoungGen      total 18432K, used 18424K [0x00000000eb580000, 0x00000000eca00000, 0x0000000100000000)
  eden space 15872K, 100% used [0x00000000eb580000,0x00000000ec500000,0x00000000ec500000)
  from space 2560K, 99% used [0x00000000ec780000,0x00000000ec9fe030,0x00000000eca00000)
  to   space 2560K, 0% used [0x00000000ec500000,0x00000000ec500000,0x00000000ec780000)
 ParOldGen       total 42496K, used 6586K [0x00000000c2000000, 0x00000000c4980000, 0x00000000eb580000)
  object space 42496K, 15% used [0x00000000c2000000,0x00000000c266ea10,0x00000000c4980000)
 Metaspace       used 13216K, capacity 13528K, committed 13696K, reserved 1060864K
  class space    used 1558K, capacity 1644K, committed 1664K, reserved 1048576K
Event: 32.684 GC heap after
Heap after GC invocations=5 (full 0):
 PSYoungGen      total 18432K, used 2552K [0x00000000eb580000, 0x00000000ed600000, 0x0000000100000000)
  eden space 15872K, 0% used [0x00000000eb580000,0x00000000eb580000,0x00000000ec500000)
  from space 2560K, 99% used [0x00000000ec500000,0x00000000ec77e030,0x00000000ec780000)
  to   space 8704K, 0% used [0x00000000ecd80000,0x00000000ecd80000,0x00000000ed600000)
 ParOldGen       total 42496K, used 6730K [0x00000000c2000000, 0x00000000c4980000, 0x00000000eb580000)
  object space 42496K, 15% used [0x00000000c2000000,0x00000000c2692a10,0x00000000c4980000)
 Metaspace       used 13216K, capacity 13528K, committed 13696K, reserved 1060864K
  class space    used 1558K, capacity 1644K, committed 1664K, reserved 1048576K
}
Event: 43.822 GC heap before
{Heap before GC invocations=6 (full 0):
 PSYoungGen      total 18432K, used 18424K [0x00000000eb580000, 0x00000000ed600000, 0x0000000100000000)
  eden space 15872K, 100% used [0x00000000eb580000,0x00000000ec500000,0x00000000ec500000)
  from space 2560K, 99% used [0x00000000ec500000,0x00000000ec77e030,0x00000000ec780000)
  to   space 8704K, 0% used [0x00000000ecd80000,0x00000000ecd80000,0x00000000ed600000)
 ParOldGen       total 42496K, used 6730K [0x00000000c2000000, 0x00000000c4980000, 0x00000000eb580000)
  object space 42496K, 15% used [0x00000000c2000000,0x00000000c2692a10,0x00000000c4980000)
 Metaspace       used 13344K, capacity 13592K, committed 13696K, reserved 1060864K
  class space    used 1559K, capacity 1644K, committed 1664K, reserved 1048576K
Event: 43.831 GC heap after
Heap after GC invocations=6 (full 0):
 PSYoungGen      total 23552K, used 2712K [0x00000000eb580000, 0x00000000ed500000, 0x0000000100000000)
  eden space 15872K, 0% used [0x00000000eb580000,0x00000000eb580000,0x00000000ec500000)
  from space 7680K, 35% used [0x00000000ecd80000,0x00000000ed026010,0x00000000ed500000)
  to   space 8192K, 0% used [0x00000000ec500000,0x00000000ec500000,0x00000000ecd00000)
 ParOldGen       total 42496K, used 6738K [0x00000000c2000000, 0x00000000c4980000, 0x00000000eb580000)
  object space 42496K, 15% used [0x00000000c2000000,0x00000000c2694a10,0x00000000c4980000)
 Metaspace       used 13344K, capacity 13592K, committed 13696K, reserved 1060864K
  class space    used 1559K, capacity 1644K, committed 1664K, reserved 1048576K
}
Event: 51.412 GC heap before
{Heap before GC invocations=7 (full 0):
 PSYoungGen      total 23552K, used 18584K [0x00000000eb580000, 0x00000000ed500000, 0x0000000100000000)
  eden space 15872K, 100% used [0x00000000eb580000,0x00000000ec500000,0x00000000ec500000)
  from space 7680K, 35% used [0x00000000ecd80000,0x00000000ed026010,0x00000000ed500000)
  to   space 8192K, 0% used [0x00000000ec500000,0x00000000ec500000,0x00000000ecd00000)
 ParOldGen       total 42496K, used 6738K [0x00000000c2000000, 0x00000000c4980000, 0x00000000eb580000)
  object space 42496K, 15% used [0x00000000c2000000,0x00000000c2694a10,0x00000000c4980000)
 Metaspace       used 13531K, capacity 13816K, committed 14080K, reserved 1060864K
  class space    used 1591K, capacity 1676K, committed 1792K, reserved 1048576K
Event: 51.421 GC heap after
Heap after GC invocations=7 (full 0):
 PSYoungGen      total 24064K, used 384K [0x00000000eb580000, 0x00000000ed500000, 0x0000000100000000)
  eden space 15872K, 0% used [0x00000000eb580000,0x00000000eb580000,0x00000000ec500000)
  from space 8192K, 4% used [0x00000000ec500000,0x00000000ec560000,0x00000000ecd00000)
  to   space 8192K, 0% used [0x00000000ecd00000,0x00000000ecd00000,0x00000000ed500000)
 ParOldGen       total 42496K, used 9103K [0x00000000c2000000, 0x00000000c4980000, 0x00000000eb580000)
  object space 42496K, 21% used [0x00000000c2000000,0x00000000c28e3fb0,0x00000000c4980000)
 Metaspace       used 13531K, capacity 13816K, committed 14080K, reserved 1060864K
  class space    used 1591K, capacity 1676K, committed 1792K, reserved 1048576K
}
Event: 65.660 GC heap before
{Heap before GC invocations=8 (full 0):
 PSYoungGen      total 24064K, used 16256K [0x00000000eb580000, 0x00000000ed500000, 0x0000000100000000)
  eden space 15872K, 100% used [0x00000000eb580000,0x00000000ec500000,0x00000000ec500000)
  from space 8192K, 4% used [0x00000000ec500000,0x00000000ec560000,0x00000000ecd00000)
  to   space 8192K, 0% used [0x00000000ecd00000,0x00000000ecd00000,0x00000000ed500000)
 ParOldGen       total 42496K, used 9103K [0x00000000c2000000, 0x00000000c4980000, 0x00000000eb580000)
  object space 42496K, 21% used [0x00000000c2000000,0x00000000c28e3fb0,0x00000000c4980000)
 Metaspace       used 16405K, capacity 16734K, committed 16896K, reserved 1064960K
  class space    used 2093K, capacity 2195K, committed 2304K, reserved 1048576K
Event: 65.665 GC heap after
Heap after GC invocations=8 (full 0):
 PSYoungGen      total 24064K, used 992K [0x00000000eb580000, 0x00000000ed500000, 0x0000000100000000)
  eden space 15872K, 0% used [0x00000000eb580000,0x00000000eb580000,0x00000000ec500000)
  from space 8192K, 12% used [0x00000000ecd00000,0x00000000ecdf8000,0x00000000ed500000)
  to   space 8192K, 0% used [0x00000000ec500000,0x00000000ec500000,0x00000000ecd00000)
 ParOldGen       total 42496K, used 9155K [0x00000000c2000000, 0x00000000c4980000, 0x00000000eb580000)
  object space 42496K, 21% used [0x00000000c2000000,0x00000000c28f0c00,0x00000000c4980000)
 Metaspace       used 16405K, capacity 16734K, committed 16896K, reserved 1064960K
  class space    used 2093K, capacity 2195K, committed 2304K, reserved 1048576K
}
Event: 73.664 GC heap before
{Heap before GC invocations=9 (full 0):
 PSYoungGen      total 24064K, used 16864K [0x00000000eb580000, 0x00000000ed500000, 0x0000000100000000)
  eden space 15872K, 100% used [0x00000000eb580000,0x00000000ec500000,0x00000000ec500000)
  from space 8192K, 12% used [0x00000000ecd00000,0x00000000ecdf8000,0x00000000ed500000)
  to   space 8192K, 0% used [0x00000000ec500000,0x00000000ec500000,0x00000000ecd00000)
 ParOldGen       total 42496K, used 9155K [0x00000000c2000000, 0x00000000c4980000, 0x00000000eb580000)
  object space 42496K, 21% used [0x00000000c2000000,0x00000000c28f0c00,0x00000000c4980000)
 Metaspace       used 16419K, capacity 16734K, committed 16896K, reserved 1064960K
  class space    used 2094K, capacity 2195K, committed 2304K, reserved 1048576K
Event: 73.669 GC heap after
Heap after GC invocations=9 (full 0):
 PSYoungGen      total 24064K, used 800K [0x00000000eb580000, 0x00000000ed500000, 0x0000000100000000)
  eden space 15872K, 0% used [0x00000000eb580000,0x00000000eb580000,0x00000000ec500000)
  from space 8192K, 9% used [0x00000000ec500000,0x00000000ec5c8000,0x00000000ecd00000)
  to   space 8192K, 0% used [0x00000000ecd00000,0x00000000ecd00000,0x00000000ed500000)
 ParOldGen       total 42496K, used 9187K [0x00000000c2000000, 0x00000000c4980000, 0x00000000eb580000)
  object space 42496K, 21% used [0x00000000c2000000,0x00000000c28f8c00,0x00000000c4980000)
 Metaspace       used 16419K, capacity 16734K, committed 16896K, reserved 1064960K
  class space    used 2094K, capacity 2195K, committed 2304K, reserved 1048576K
}

