# JRE version: Java(TM) SE Runtime Environment (8.0_60-b27) (build 1.8.0_60-b27)
# Java VM: Java HotSpot(TM) 64-Bit Server VM (25.60-b23 mixed mode windows-amd64 compressed oops)
Heap:
 PSYoungGen      total 20992K, used 10578K [0x00000000eb580000, 0x00000000ecf00000, 0x0000000100000000)
  eden space 15872K, 61% used [0x00000000eb580000,0x00000000ebefcb30,0x00000000ec500000)
  from space 5120K, 16% used [0x00000000eca00000,0x00000000ecad8000,0x00000000ecf00000)
  to   space 5120K, 0% used [0x00000000ec500000,0x00000000ec500000,0x00000000eca00000)
 ParOldGen       total 42496K, used 5276K [0x00000000c2000000, 0x00000000c4980000, 0x00000000eb580000)
  object space 42496K, 12% used [0x00000000c2000000,0x00000000c2527348,0x00000000c4980000)
 Metaspace       used 16750K, capacity 17050K, committed 17408K, reserved 1064960K
  class space    used 2104K, capacity 2195K, committed 2304K, reserved 1048576K
GC Heap History (10 events):
Event: 44.685 GC heap before
{Heap before GC invocations=4 (full 0):
 PSYoungGen      total 18432K, used 18424K [0x00000000eb580000, 0x00000000eca00000, 0x0000000100000000)
  eden space 15872K, 100% used [0x00000000eb580000,0x00000000ec500000,0x00000000ec500000)
  from space 2560K, 99% used [0x00000000ec500000,0x00000000ec77e030,0x00000000ec780000)
  to   space 2560K, 0% used [0x00000000ec780000,0x00000000ec780000,0x00000000eca00000)
 ParOldGen       total 42496K, used 2579K [0x00000000c2000000, 0x00000000c4980000, 0x00000000eb580000)
  object space 42496K, 6% used [0x00000000c2000000,0x00000000c2284d68,0x00000000c4980000)
 Metaspace       used 13455K, capacity 13788K, committed 13952K, reserved 1060864K
  class space    used 1559K, capacity 1644K, committed 1664K, reserved 1048576K
Event: 44.692 GC heap after
Heap after GC invocations=4 (full 0):
 PSYoungGen      total 18432K, used 2552K [0x00000000eb580000, 0x00000000eca00000, 0x0000000100000000)
  eden space 15872K, 0% used [0x00000000eb580000,0x00000000eb580000,0x00000000ec500000)
  from space 2560K, 99% used [0x00000000ec780000,0x00000000ec9fe010,0x00000000eca00000)
  to   space 2560K, 0% used [0x00000000ec500000,0x00000000ec500000,0x00000000ec780000)
 ParOldGen       total 42496K, used 2707K [0x00000000c2000000, 0x00000000c4980000, 0x00000000eb580000)
  object space 42496K, 6% used [0x00000000c2000000,0x00000000c22a4d68,0x00000000c4980000)
 Metaspace       used 13455K, capacity 13788K, committed 13952K, reserved 1060864K
  class space    used 1559K, capacity 1644K, committed 1664K, reserved 1048576K
}
Event: 54.128 GC heap before
{Heap before GC invocations=5 (full 0):
 PSYoungGen      total 18432K, used 18424K [0x00000000eb580000, 0x00000000eca00000, 0x0000000100000000)
  eden space 15872K, 100% used [0x00000000eb580000,0x00000000ec500000,0x00000000ec500000)
  from space 2560K, 99% used [0x00000000ec780000,0x00000000ec9fe010,0x00000000eca00000)
  to   space 2560K, 0% used [0x00000000ec500000,0x00000000ec500000,0x00000000ec780000)
 ParOldGen       total 42496K, used 2707K [0x00000000c2000000, 0x00000000c4980000, 0x00000000eb580000)
  object space 42496K, 6% used [0x00000000c2000000,0x00000000c22a4d68,0x00000000c4980000)
 Metaspace       used 13503K, capacity 13788K, committed 13952K, reserved 1060864K
  class space    used 1559K, capacity 1644K, committed 1664K, reserved 1048576K
Event: 54.138 GC heap after
Heap after GC invocations=5 (full 0):
 PSYoungGen      total 18432K, used 2536K [0x00000000eb580000, 0x00000000ece00000, 0x0000000100000000)
  eden space 15872K, 0% used [0x00000000eb580000,0x00000000eb580000,0x00000000ec500000)
  from space 2560K, 99% used [0x00000000ec500000,0x00000000ec77a020,0x00000000ec780000)
  to   space 4608K, 0% used [0x00000000ec980000,0x00000000ec980000,0x00000000ece00000)
 ParOldGen       total 42496K, used 2867K [0x00000000c2000000, 0x00000000c4980000, 0x00000000eb580000)
  object space 42496K, 6% used [0x00000000c2000000,0x00000000c22ccd68,0x00000000c4980000)
 Metaspace       used 13503K, capacity 13788K, committed 13952K, reserved 1060864K
  class space    used 1559K, capacity 1644K, committed 1664K, reserved 1048576K
}
Event: 69.388 GC heap before
{Heap before GC invocations=6 (full 0):
 PSYoungGen      total 18432K, used 18408K [0x00000000eb580000, 0x00000000ece00000, 0x0000000100000000)
  eden space 15872K, 100% used [0x00000000eb580000,0x00000000ec500000,0x00000000ec500000)
  from space 2560K, 99% used [0x00000000ec500000,0x00000000ec77a020,0x00000000ec780000)
  to   space 4608K, 0% used [0x00000000ec980000,0x00000000ec980000,0x00000000ece00000)
 ParOldGen       total 42496K, used 2867K [0x00000000c2000000, 0x00000000c4980000, 0x00000000eb580000)
  object space 42496K, 6% used [0x00000000c2000000,0x00000000c22ccd68,0x00000000c4980000)
 Metaspace       used 16381K, capacity 16730K, committed 16896K, reserved 1064960K
  class space    used 2085K, capacity 2195K, committed 2304K, reserved 1048576K
Event: 69.400 GC heap after
Heap after GC invocations=6 (full 0):
 PSYoungGen      total 20480K, used 3144K [0x00000000eb580000, 0x00000000ece00000, 0x0000000100000000)
  eden space 15872K, 0% used [0x00000000eb580000,0x00000000eb580000,0x00000000ec500000)
  from space 4608K, 68% used [0x00000000ec980000,0x00000000ecc92020,0x00000000ece00000)
  to   space 4608K, 0% used [0x00000000ec500000,0x00000000ec500000,0x00000000ec980000)
 ParOldGen       total 42496K, used 2875K [0x00000000c2000000, 0x00000000c4980000, 0x00000000eb580000)
  object space 42496K, 6% used [0x00000000c2000000,0x00000000c22ced68,0x00000000c4980000)
 Metaspace       used 16381K, capacity 16730K, committed 16896K, reserved 1064960K
  class space    used 2085K, capacity 2195K, committed 2304K, reserved 1048576K
}
Event: 83.513 GC heap before
{Heap before GC invocations=7 (full 0):
 PSYoungGen      total 20480K, used 19016K [0x00000000eb580000, 0x00000000ece00000, 0x0000000100000000)
  eden space 15872K, 100% used [0x00000000eb580000,0x00000000ec500000,0x00000000ec500000)
  from space 4608K, 68% used [0x00000000ec980000,0x00000000ecc92020,0x00000000ece00000)
  to   space 4608K, 0% used [0x00000000ec500000,0x00000000ec500000,0x00000000ec980000)
 ParOldGen       total 42496K, used 2875K [0x00000000c2000000, 0x00000000c4980000, 0x00000000eb580000)
  object space 42496K, 6% used [0x00000000c2000000,0x00000000c22ced68,0x00000000c4980000)
 Metaspace       used 16643K, capacity 16922K, committed 17152K, reserved 1064960K
  class space    used 2103K, capacity 2195K, committed 2304K, reserved 1048576K
Event: 83.525 GC heap after
Heap after GC invocations=7 (full 0):
 PSYoungGen      total 20480K, used 960K [0x00000000eb580000, 0x00000000ecf00000, 0x0000000100000000)
  eden space 15872K, 0% used [0x00000000eb580000,0x00000000eb580000,0x00000000ec500000)
  from space 4608K, 20% used [0x00000000ec500000,0x00000000ec5f0000,0x00000000ec980000)
  to   space 5120K, 0% used [0x00000000eca00000,0x00000000eca00000,0x00000000ecf00000)
 ParOldGen       total 42496K, used 5228K [0x00000000c2000000, 0x00000000c4980000, 0x00000000eb580000)
  object space 42496K, 12% used [0x00000000c2000000,0x00000000c251b348,0x00000000c4980000)
 Metaspace       used 16643K, capacity 16922K, committed 17152K, reserved 1064960K
  class space    used 2103K, capacity 2195K, committed 2304K, reserved 1048576K
}
Event: 90.317 GC heap before
{Heap before GC invocations=8 (full 0):
 PSYoungGen      total 20480K, used 16832K [0x00000000eb580000, 0x00000000ecf00000, 0x0000000100000000)
  eden space 15872K, 100% used [0x00000000eb580000,0x00000000ec500000,0x00000000ec500000)
  from space 4608K, 20% used [0x00000000ec500000,0x00000000ec5f0000,0x00000000ec980000)
  to   space 5120K, 0% used [0x00000000eca00000,0x00000000eca00000,0x00000000ecf00000)
 ParOldGen       total 42496K, used 5228K [0x00000000c2000000, 0x00000000c4980000, 0x00000000eb580000)
  object space 42496K, 12% used [0x00000000c2000000,0x00000000c251b348,0x00000000c4980000)
 Metaspace       used 16689K, capacity 16986K, committed 17152K, reserved 1064960K
  class space    used 2103K, capacity 2195K, committed 2304K, reserved 1048576K
Event: 90.320 GC heap after
Heap after GC invocations=8 (full 0):
 PSYoungGen      total 20992K, used 864K [0x00000000eb580000, 0x00000000ecf00000, 0x0000000100000000)
  eden space 15872K, 0% used [0x00000000eb580000,0x00000000eb580000,0x00000000ec500000)
  from space 5120K, 16% used [0x00000000eca00000,0x00000000ecad8000,0x00000000ecf00000)
  to   space 5120K, 0% used [0x00000000ec500000,0x00000000ec500000,0x00000000eca00000)
 ParOldGen       total 42496K, used 5276K [0x00000000c2000000, 0x00000000c4980000, 0x00000000eb580000)
  object space 42496K, 12% used [0x00000000c2000000,0x00000000c2527348,0x00000000c4980000)
 Metaspace       used 16689K, capacity 16986K, committed 17152K, reserved 1064960K
  class space    used 2103K, capacity 2195K, committed 2304K, reserved 1048576K
}

