# JRE version: Java(TM) SE Runtime Environment (8.0_60-b27) (build 1.8.0_60-b27)
# Java VM: Java HotSpot(TM) 64-Bit Server VM (25.60-b23 mixed mode windows-amd64 compressed oops)
Heap:
 PSYoungGen      total 20992K, used 9567K [0x00000000eb580000, 0x00000000ecf00000, 0x0000000100000000)
  eden space 15872K, 58% used [0x00000000eb580000,0x00000000ebe87d50,0x00000000ec500000)
  from space 5120K, 6% used [0x00000000eca00000,0x00000000eca50000,0x00000000ecf00000)
  to   space 5120K, 0% used [0x00000000ec500000,0x00000000ec500000,0x00000000eca00000)
 ParOldGen       total 42496K, used 5946K [0x00000000c2000000, 0x00000000c4980000, 0x00000000eb580000)
  object space 42496K, 13% used [0x00000000c2000000,0x00000000c25ceb50,0x00000000c4980000)
 Metaspace       used 16678K, capacity 16990K, committed 17152K, reserved 1064960K
  class space    used 2095K, capacity 2195K, committed 2304K, reserved 1048576K
GC Heap History (10 events):
Event: 50.424 GC heap before
{Heap before GC invocations=6 (full 0):
 PSYoungGen      total 18432K, used 18424K [0x00000000eb580000, 0x00000000ece00000, 0x0000000100000000)
  eden space 15872K, 100% used [0x00000000eb580000,0x00000000ec500000,0x00000000ec500000)
  from space 2560K, 99% used [0x00000000ec500000,0x00000000ec77e010,0x00000000ec780000)
  to   space 4608K, 0% used [0x00000000ec980000,0x00000000ec980000,0x00000000ece00000)
 ParOldGen       total 42496K, used 3450K [0x00000000c2000000, 0x00000000c4980000, 0x00000000eb580000)
  object space 42496K, 8% used [0x00000000c2000000,0x00000000c235ea80,0x00000000c4980000)
 Metaspace       used 16482K, capacity 16798K, committed 17152K, reserved 1064960K
  class space    used 2094K, capacity 2195K, committed 2304K, reserved 1048576K
Event: 50.430 GC heap after
Heap after GC invocations=6 (full 0):
 PSYoungGen      total 20480K, used 2808K [0x00000000eb580000, 0x00000000ece00000, 0x0000000100000000)
  eden space 15872K, 0% used [0x00000000eb580000,0x00000000eb580000,0x00000000ec500000)
  from space 4608K, 60% used [0x00000000ec980000,0x00000000ecc3e010,0x00000000ece00000)
  to   space 4608K, 0% used [0x00000000ec500000,0x00000000ec500000,0x00000000ec980000)
 ParOldGen       total 42496K, used 3458K [0x00000000c2000000, 0x00000000c4980000, 0x00000000eb580000)
  object space 42496K, 8% used [0x00000000c2000000,0x00000000c2360a80,0x00000000c4980000)
 Metaspace       used 16482K, capacity 16798K, committed 17152K, reserved 1064960K
  class space    used 2094K, capacity 2195K, committed 2304K, reserved 1048576K
}
Event: 60.762 GC heap before
{Heap before GC invocations=7 (full 0):
 PSYoungGen      total 20480K, used 18680K [0x00000000eb580000, 0x00000000ece00000, 0x0000000100000000)
  eden space 15872K, 100% used [0x00000000eb580000,0x00000000ec500000,0x00000000ec500000)
  from space 4608K, 60% used [0x00000000ec980000,0x00000000ecc3e010,0x00000000ece00000)
  to   space 4608K, 0% used [0x00000000ec500000,0x00000000ec500000,0x00000000ec980000)
 ParOldGen       total 42496K, used 3458K [0x00000000c2000000, 0x00000000c4980000, 0x00000000eb580000)
  object space 42496K, 8% used [0x00000000c2000000,0x00000000c2360a80,0x00000000c4980000)
 Metaspace       used 16560K, capacity 16862K, committed 17152K, reserved 1064960K
  class space    used 2094K, capacity 2195K, committed 2304K, reserved 1048576K
Event: 60.776 GC heap after
Heap after GC invocations=7 (full 0):
 PSYoungGen      total 20480K, used 896K [0x00000000eb580000, 0x00000000ecf00000, 0x0000000100000000)
  eden space 15872K, 0% used [0x00000000eb580000,0x00000000eb580000,0x00000000ec500000)
  from space 4608K, 19% used [0x00000000ec500000,0x00000000ec5e0000,0x00000000ec980000)
  to   space 5120K, 0% used [0x00000000eca00000,0x00000000eca00000,0x00000000ecf00000)
 ParOldGen       total 42496K, used 5456K [0x00000000c2000000, 0x00000000c4980000, 0x00000000eb580000)
  object space 42496K, 12% used [0x00000000c2000000,0x00000000c2554020,0x00000000c4980000)
 Metaspace       used 16560K, capacity 16862K, committed 17152K, reserved 1064960K
  class space    used 2094K, capacity 2195K, committed 2304K, reserved 1048576K
}
Event: 72.780 GC heap before
{Heap before GC invocations=8 (full 0):
 PSYoungGen      total 20480K, used 16768K [0x00000000eb580000, 0x00000000ecf00000, 0x0000000100000000)
  eden space 15872K, 100% used [0x00000000eb580000,0x00000000ec500000,0x00000000ec500000)
  from space 4608K, 19% used [0x00000000ec500000,0x00000000ec5e0000,0x00000000ec980000)
  to   space 5120K, 0% used [0x00000000eca00000,0x00000000eca00000,0x00000000ecf00000)
 ParOldGen       total 42496K, used 5456K [0x00000000c2000000, 0x00000000c4980000, 0x00000000eb580000)
  object space 42496K, 12% used [0x00000000c2000000,0x00000000c2554020,0x00000000c4980000)
 Metaspace       used 16658K, capacity 16990K, committed 17152K, reserved 1064960K
  class space    used 2095K, capacity 2195K, committed 2304K, reserved 1048576K
Event: 72.783 GC heap after
Heap after GC invocations=8 (full 0):
 PSYoungGen      total 20992K, used 1024K [0x00000000eb580000, 0x00000000ecf00000, 0x0000000100000000)
  eden space 15872K, 0% used [0x00000000eb580000,0x00000000eb580000,0x00000000ec500000)
  from space 5120K, 20% used [0x00000000eca00000,0x00000000ecb00000,0x00000000ecf00000)
  to   space 5120K, 0% used [0x00000000ec500000,0x00000000ec500000,0x00000000eca00000)
 ParOldGen       total 42496K, used 5504K [0x00000000c2000000, 0x00000000c4980000, 0x00000000eb580000)
  object space 42496K, 12% used [0x00000000c2000000,0x00000000c2560020,0x00000000c4980000)
 Metaspace       used 16658K, capacity 16990K, committed 17152K, reserved 1064960K
  class space    used 2095K, capacity 2195K, committed 2304K, reserved 1048576K
}
Event: 76.821 GC heap before
{Heap before GC invocations=9 (full 0):
 PSYoungGen      total 20992K, used 16896K [0x00000000eb580000, 0x00000000ecf00000, 0x0000000100000000)
  eden space 15872K, 100% used [0x00000000eb580000,0x00000000ec500000,0x00000000ec500000)
  from space 5120K, 20% used [0x00000000eca00000,0x00000000ecb00000,0x00000000ecf00000)
  to   space 5120K, 0% used [0x00000000ec500000,0x00000000ec500000,0x00000000eca00000)
 ParOldGen       total 42496K, used 5504K [0x00000000c2000000, 0x00000000c4980000, 0x00000000eb580000)
  object space 42496K, 12% used [0x00000000c2000000,0x00000000c2560020,0x00000000c4980000)
 Metaspace       used 16660K, capacity 16990K, committed 17152K, reserved 1064960K
  class space    used 2095K, capacity 2195K, committed 2304K, reserved 1048576K
Event: 76.825 GC heap after
Heap after GC invocations=9 (full 0):
 PSYoungGen      total 20992K, used 352K [0x00000000eb580000, 0x00000000ecf00000, 0x0000000100000000)
  eden space 15872K, 0% used [0x00000000eb580000,0x00000000eb580000,0x00000000ec500000)
  from space 5120K, 6% used [0x00000000ec500000,0x00000000ec558000,0x00000000eca00000)
  to   space 5120K, 0% used [0x00000000eca00000,0x00000000eca00000,0x00000000ecf00000)
 ParOldGen       total 42496K, used 5922K [0x00000000c2000000, 0x00000000c4980000, 0x00000000eb580000)
  object space 42496K, 13% used [0x00000000c2000000,0x00000000c25c8b50,0x00000000c4980000)
 Metaspace       used 16660K, capacity 16990K, committed 17152K, reserved 1064960K
  class space    used 2095K, capacity 2195K, committed 2304K, reserved 1048576K
}
Event: 87.785 GC heap before
{Heap before GC invocations=10 (full 0):
 PSYoungGen      total 20992K, used 16224K [0x00000000eb580000, 0x00000000ecf00000, 0x0000000100000000)
  eden space 15872K, 100% used [0x00000000eb580000,0x00000000ec500000,0x00000000ec500000)
  from space 5120K, 6% used [0x00000000ec500000,0x00000000ec558000,0x00000000eca00000)
  to   space 5120K, 0% used [0x00000000eca00000,0x00000000eca00000,0x00000000ecf00000)
 ParOldGen       total 42496K, used 5922K [0x00000000c2000000, 0x00000000c4980000, 0x00000000eb580000)
  object space 42496K, 13% used [0x00000000c2000000,0x00000000c25c8b50,0x00000000c4980000)
 Metaspace       used 16671K, capacity 16990K, committed 17152K, reserved 1064960K
  class space    used 2095K, capacity 2195K, committed 2304K, reserved 1048576K
Event: 87.787 GC heap after
Heap after GC invocations=10 (full 0):
 PSYoungGen      total 20992K, used 320K [0x00000000eb580000, 0x00000000ecf00000, 0x0000000100000000)
  eden space 15872K, 0% used [0x00000000eb580000,0x00000000eb580000,0x00000000ec500000)
  from space 5120K, 6% used [0x00000000eca00000,0x00000000eca50000,0x00000000ecf00000)
  to   space 5120K, 0% used [0x00000000ec500000,0x00000000ec500000,0x00000000eca00000)
 ParOldGen       total 42496K, used 5946K [0x00000000c2000000, 0x00000000c4980000, 0x00000000eb580000)
  object space 42496K, 13% used [0x00000000c2000000,0x00000000c25ceb50,0x00000000c4980000)
 Metaspace       used 16671K, capacity 16990K, committed 17152K, reserved 1064960K
  class space    used 2095K, capacity 2195K, committed 2304K, reserved 1048576K
}

