# JRE version: Java(TM) SE Runtime Environment (8.0_60-b27) (build 1.8.0_60-b27)
# Java VM: Java HotSpot(TM) 64-Bit Server VM (25.60-b23 mixed mode windows-amd64 compressed oops)
Heap:
 PSYoungGen      total 20992K, used 5106K [0x00000000eb580000, 0x00000000ecf00000, 0x0000000100000000)
  eden space 15872K, 29% used [0x00000000eb580000,0x00000000eba248a8,0x00000000ec500000)
  from space 5120K, 6% used [0x00000000eca00000,0x00000000eca58000,0x00000000ecf00000)
  to   space 5120K, 0% used [0x00000000ec500000,0x00000000ec500000,0x00000000eca00000)
 ParOldGen       total 42496K, used 5684K [0x00000000c2000000, 0x00000000c4980000, 0x00000000eb580000)
  object space 42496K, 13% used [0x00000000c2000000,0x00000000c258d2f0,0x00000000c4980000)
 Metaspace       used 16482K, capacity 16794K, committed 17152K, reserved 1064960K
  class space    used 2092K, capacity 2195K, committed 2304K, reserved 1048576K
GC Heap History (10 events):
Event: 48.162 GC heap before
{Heap before GC invocations=6 (full 0):
 PSYoungGen      total 18432K, used 18408K [0x00000000eb580000, 0x00000000ece00000, 0x0000000100000000)
  eden space 15872K, 100% used [0x00000000eb580000,0x00000000ec500000,0x00000000ec500000)
  from space 2560K, 99% used [0x00000000ec500000,0x00000000ec77a020,0x00000000ec780000)
  to   space 4608K, 0% used [0x00000000ec980000,0x00000000ec980000,0x00000000ece00000)
 ParOldGen       total 42496K, used 3177K [0x00000000c2000000, 0x00000000c4980000, 0x00000000eb580000)
  object space 42496K, 7% used [0x00000000c2000000,0x00000000c231a740,0x00000000c4980000)
 Metaspace       used 16379K, capacity 16666K, committed 16896K, reserved 1064960K
  class space    used 2090K, capacity 2195K, committed 2304K, reserved 1048576K
Event: 48.170 GC heap after
Heap after GC invocations=6 (full 0):
 PSYoungGen      total 20480K, used 3032K [0x00000000eb580000, 0x00000000ece00000, 0x0000000100000000)
  eden space 15872K, 0% used [0x00000000eb580000,0x00000000eb580000,0x00000000ec500000)
  from space 4608K, 65% used [0x00000000ec980000,0x00000000ecc76030,0x00000000ece00000)
  to   space 4608K, 0% used [0x00000000ec500000,0x00000000ec500000,0x00000000ec980000)
 ParOldGen       total 42496K, used 3185K [0x00000000c2000000, 0x00000000c4980000, 0x00000000eb580000)
  object space 42496K, 7% used [0x00000000c2000000,0x00000000c231c740,0x00000000c4980000)
 Metaspace       used 16379K, capacity 16666K, committed 16896K, reserved 1064960K
  class space    used 2090K, capacity 2195K, committed 2304K, reserved 1048576K
}
Event: 59.725 GC heap before
{Heap before GC invocations=7 (full 0):
 PSYoungGen      total 20480K, used 18904K [0x00000000eb580000, 0x00000000ece00000, 0x0000000100000000)
  eden space 15872K, 100% used [0x00000000eb580000,0x00000000ec500000,0x00000000ec500000)
  from space 4608K, 65% used [0x00000000ec980000,0x00000000ecc76030,0x00000000ece00000)
  to   space 4608K, 0% used [0x00000000ec500000,0x00000000ec500000,0x00000000ec980000)
 ParOldGen       total 42496K, used 3185K [0x00000000c2000000, 0x00000000c4980000, 0x00000000eb580000)
  object space 42496K, 7% used [0x00000000c2000000,0x00000000c231c740,0x00000000c4980000)
 Metaspace       used 16394K, capacity 16730K, committed 16896K, reserved 1064960K
  class space    used 2091K, capacity 2195K, committed 2304K, reserved 1048576K
Event: 59.736 GC heap after
Heap after GC invocations=7 (full 0):
 PSYoungGen      total 20480K, used 736K [0x00000000eb580000, 0x00000000ecf00000, 0x0000000100000000)
  eden space 15872K, 0% used [0x00000000eb580000,0x00000000eb580000,0x00000000ec500000)
  from space 4608K, 15% used [0x00000000ec500000,0x00000000ec5b8000,0x00000000ec980000)
  to   space 5120K, 0% used [0x00000000eca00000,0x00000000eca00000,0x00000000ecf00000)
 ParOldGen       total 42496K, used 5297K [0x00000000c2000000, 0x00000000c4980000, 0x00000000eb580000)
  object space 42496K, 12% used [0x00000000c2000000,0x00000000c252c7c0,0x00000000c4980000)
 Metaspace       used 16394K, capacity 16730K, committed 16896K, reserved 1064960K
  class space    used 2091K, capacity 2195K, committed 2304K, reserved 1048576K
}
Event: 70.346 GC heap before
{Heap before GC invocations=8 (full 0):
 PSYoungGen      total 20480K, used 16608K [0x00000000eb580000, 0x00000000ecf00000, 0x0000000100000000)
  eden space 15872K, 100% used [0x00000000eb580000,0x00000000ec500000,0x00000000ec500000)
  from space 4608K, 15% used [0x00000000ec500000,0x00000000ec5b8000,0x00000000ec980000)
  to   space 5120K, 0% used [0x00000000eca00000,0x00000000eca00000,0x00000000ecf00000)
 ParOldGen       total 42496K, used 5297K [0x00000000c2000000, 0x00000000c4980000, 0x00000000eb580000)
  object space 42496K, 12% used [0x00000000c2000000,0x00000000c252c7c0,0x00000000c4980000)
 Metaspace       used 16397K, capacity 16730K, committed 16896K, reserved 1064960K
  class space    used 2091K, capacity 2195K, committed 2304K, reserved 1048576K
Event: 70.351 GC heap after
Heap after GC invocations=8 (full 0):
 PSYoungGen      total 20992K, used 672K [0x00000000eb580000, 0x00000000ecf00000, 0x0000000100000000)
  eden space 15872K, 0% used [0x00000000eb580000,0x00000000eb580000,0x00000000ec500000)
  from space 5120K, 13% used [0x00000000eca00000,0x00000000ecaa8000,0x00000000ecf00000)
  to   space 5120K, 0% used [0x00000000ec500000,0x00000000ec500000,0x00000000eca00000)
 ParOldGen       total 42496K, used 5337K [0x00000000c2000000, 0x00000000c4980000, 0x00000000eb580000)
  object space 42496K, 12% used [0x00000000c2000000,0x00000000c25367c0,0x00000000c4980000)
 Metaspace       used 16397K, capacity 16730K, committed 16896K, reserved 1064960K
  class space    used 2091K, capacity 2195K, committed 2304K, reserved 1048576K
}
Event: 80.452 GC heap before
{Heap before GC invocations=9 (full 0):
 PSYoungGen      total 20992K, used 16544K [0x00000000eb580000, 0x00000000ecf00000, 0x0000000100000000)
  eden space 15872K, 100% used [0x00000000eb580000,0x00000000ec500000,0x00000000ec500000)
  from space 5120K, 13% used [0x00000000eca00000,0x00000000ecaa8000,0x00000000ecf00000)
  to   space 5120K, 0% used [0x00000000ec500000,0x00000000ec500000,0x00000000eca00000)
 ParOldGen       total 42496K, used 5337K [0x00000000c2000000, 0x00000000c4980000, 0x00000000eb580000)
  object space 42496K, 12% used [0x00000000c2000000,0x00000000c25367c0,0x00000000c4980000)
 Metaspace       used 16403K, capacity 16730K, committed 16896K, reserved 1064960K
  class space    used 2091K, capacity 2195K, committed 2304K, reserved 1048576K
Event: 80.455 GC heap after
Heap after GC invocations=9 (full 0):
 PSYoungGen      total 20992K, used 352K [0x00000000eb580000, 0x00000000ecf00000, 0x0000000100000000)
  eden space 15872K, 0% used [0x00000000eb580000,0x00000000eb580000,0x00000000ec500000)
  from space 5120K, 6% used [0x00000000ec500000,0x00000000ec558000,0x00000000eca00000)
  to   space 5120K, 0% used [0x00000000eca00000,0x00000000eca00000,0x00000000ecf00000)
 ParOldGen       total 42496K, used 5660K [0x00000000c2000000, 0x00000000c4980000, 0x00000000eb580000)
  object space 42496K, 13% used [0x00000000c2000000,0x00000000c25872f0,0x00000000c4980000)
 Metaspace       used 16403K, capacity 16730K, committed 16896K, reserved 1064960K
  class space    used 2091K, capacity 2195K, committed 2304K, reserved 1048576K
}
Event: 93.582 GC heap before
{Heap before GC invocations=10 (full 0):
 PSYoungGen      total 20992K, used 16224K [0x00000000eb580000, 0x00000000ecf00000, 0x0000000100000000)
  eden space 15872K, 100% used [0x00000000eb580000,0x00000000ec500000,0x00000000ec500000)
  from space 5120K, 6% used [0x00000000ec500000,0x00000000ec558000,0x00000000eca00000)
  to   space 5120K, 0% used [0x00000000eca00000,0x00000000eca00000,0x00000000ecf00000)
 ParOldGen       total 42496K, used 5660K [0x00000000c2000000, 0x00000000c4980000, 0x00000000eb580000)
  object space 42496K, 13% used [0x00000000c2000000,0x00000000c25872f0,0x00000000c4980000)
 Metaspace       used 16471K, capacity 16794K, committed 17152K, reserved 1064960K
  class space    used 2091K, capacity 2195K, committed 2304K, reserved 1048576K
Event: 93.584 GC heap after
Heap after GC invocations=10 (full 0):
 PSYoungGen      total 20992K, used 352K [0x00000000eb580000, 0x00000000ecf00000, 0x0000000100000000)
  eden space 15872K, 0% used [0x00000000eb580000,0x00000000eb580000,0x00000000ec500000)
  from space 5120K, 6% used [0x00000000eca00000,0x00000000eca58000,0x00000000ecf00000)
  to   space 5120K, 0% used [0x00000000ec500000,0x00000000ec500000,0x00000000eca00000)
 ParOldGen       total 42496K, used 5684K [0x00000000c2000000, 0x00000000c4980000, 0x00000000eb580000)
  object space 42496K, 13% used [0x00000000c2000000,0x00000000c258d2f0,0x00000000c4980000)
 Metaspace       used 16471K, capacity 16794K, committed 17152K, reserved 1064960K
  class space    used 2091K, capacity 2195K, committed 2304K, reserved 1048576K
}

