# JRE version: Java(TM) SE Runtime Environment (8.0_60-b27) (build 1.8.0_60-b27)
# Java VM: Java HotSpot(TM) 64-Bit Server VM (25.60-b23 mixed mode windows-amd64 compressed oops)
Heap:
 PSYoungGen      total 18432K, used 7531K [0x00000000eb580000, 0x00000000ecf00000, 0x0000000100000000)
  eden space 15872K, 38% used [0x00000000eb580000,0x00000000ebb88f58,0x00000000ec500000)
  from space 2560K, 52% used [0x00000000ec500000,0x00000000ec652020,0x00000000ec780000)
  to   space 5120K, 0% used [0x00000000eca00000,0x00000000eca00000,0x00000000ecf00000)
 ParOldGen       total 42496K, used 8241K [0x00000000c2000000, 0x00000000c4980000, 0x00000000eb580000)
  object space 42496K, 19% used [0x00000000c2000000,0x00000000c280c520,0x00000000c4980000)
 Metaspace       used 16290K, capacity 16574K, committed 16768K, reserved 1064960K
  class space    used 2073K, capacity 2163K, committed 2176K, reserved 1048576K
GC Heap History (10 events):
Event: 1.135 GC heap before
{Heap before GC invocations=1 (full 0):
 PSYoungGen      total 18432K, used 15023K [0x00000000eb580000, 0x00000000eca00000, 0x0000000100000000)
  eden space 15872K, 94% used [0x00000000eb580000,0x00000000ec42be18,0x00000000ec500000)
  from space 2560K, 0% used [0x00000000ec780000,0x00000000ec780000,0x00000000eca00000)
  to   space 2560K, 0% used [0x00000000ec500000,0x00000000ec500000,0x00000000ec780000)
 ParOldGen       total 42496K, used 0K [0x00000000c2000000, 0x00000000c4980000, 0x00000000eb580000)
  object space 42496K, 0% used [0x00000000c2000000,0x00000000c2000000,0x00000000c4980000)
 Metaspace       used 11959K, capacity 12174K, committed 12288K, reserved 1060864K
  class space    used 1457K, capacity 1519K, committed 1536K, reserved 1048576K
Event: 1.140 GC heap after
Heap after GC invocations=1 (full 0):
 PSYoungGen      total 18432K, used 2546K [0x00000000eb580000, 0x00000000eca00000, 0x0000000100000000)
  eden space 15872K, 0% used [0x00000000eb580000,0x00000000eb580000,0x00000000ec500000)
  from space 2560K, 99% used [0x00000000ec500000,0x00000000ec77cac0,0x00000000ec780000)
  to   space 2560K, 0% used [0x00000000ec780000,0x00000000ec780000,0x00000000eca00000)
 ParOldGen       total 42496K, used 473K [0x00000000c2000000, 0x00000000c4980000, 0x00000000eb580000)
  object space 42496K, 1% used [0x00000000c2000000,0x00000000c2076500,0x00000000c4980000)
 Metaspace       used 11959K, capacity 12174K, committed 12288K, reserved 1060864K
  class space    used 1457K, capacity 1519K, committed 1536K, reserved 1048576K
}
Event: 4.518 GC heap before
{Heap before GC invocations=2 (full 0):
 PSYoungGen      total 18432K, used 18418K [0x00000000eb580000, 0x00000000eca00000, 0x0000000100000000)
  eden space 15872K, 100% used [0x00000000eb580000,0x00000000ec500000,0x00000000ec500000)
  from space 2560K, 99% used [0x00000000ec500000,0x00000000ec77cac0,0x00000000ec780000)
  to   space 2560K, 0% used [0x00000000ec780000,0x00000000ec780000,0x00000000eca00000)
 ParOldGen       total 42496K, used 473K [0x00000000c2000000, 0x00000000c4980000, 0x00000000eb580000)
  object space 42496K, 1% used [0x00000000c2000000,0x00000000c2076500,0x00000000c4980000)
 Metaspace       used 12746K, capacity 13082K, committed 13184K, reserved 1060864K
  class space    used 1535K, capacity 1643K, committed 1664K, reserved 1048576K
Event: 4.527 GC heap after
Heap after GC invocations=2 (full 0):
 PSYoungGen      total 18432K, used 2553K [0x00000000eb580000, 0x00000000eca00000, 0x0000000100000000)
  eden space 15872K, 0% used [0x00000000eb580000,0x00000000eb580000,0x00000000ec500000)
  from space 2560K, 99% used [0x00000000ec780000,0x00000000ec9fe500,0x00000000eca00000)
  to   space 2560K, 0% used [0x00000000ec500000,0x00000000ec500000,0x00000000ec780000)
 ParOldGen       total 42496K, used 2394K [0x00000000c2000000, 0x00000000c4980000, 0x00000000eb580000)
  object space 42496K, 5% used [0x00000000c2000000,0x00000000c2256a30,0x00000000c4980000)
 Metaspace       used 12746K, capacity 13082K, committed 13184K, reserved 1060864K
  class space    used 1535K, capacity 1643K, committed 1664K, reserved 1048576K
}
Event: 22.837 GC heap before
{Heap before GC invocations=3 (full 0):
 PSYoungGen      total 18432K, used 18425K [0x00000000eb580000, 0x00000000eca00000, 0x0000000100000000)
  eden space 15872K, 100% used [0x00000000eb580000,0x00000000ec500000,0x00000000ec500000)
  from space 2560K, 99% used [0x00000000ec780000,0x00000000ec9fe500,0x00000000eca00000)
  to   space 2560K, 0% used [0x00000000ec500000,0x00000000ec500000,0x00000000ec780000)
 ParOldGen       total 42496K, used 2394K [0x00000000c2000000, 0x00000000c4980000, 0x00000000eb580000)
  object space 42496K, 5% used [0x00000000c2000000,0x00000000c2256a30,0x00000000c4980000)
 Metaspace       used 16127K, capacity 16510K, committed 16768K, reserved 1064960K
  class space    used 2068K, capacity 2163K, committed 2176K, reserved 1048576K
Event: 22.843 GC heap after
Heap after GC invocations=3 (full 0):
 PSYoungGen      total 18432K, used 1544K [0x00000000eb580000, 0x00000000eca00000, 0x0000000100000000)
  eden space 15872K, 0% used [0x00000000eb580000,0x00000000eb580000,0x00000000ec500000)
  from space 2560K, 60% used [0x00000000ec500000,0x00000000ec682020,0x00000000ec780000)
  to   space 2560K, 0% used [0x00000000ec780000,0x00000000ec780000,0x00000000eca00000)
 ParOldGen       total 42496K, used 8225K [0x00000000c2000000, 0x00000000c4980000, 0x00000000eb580000)
  object space 42496K, 19% used [0x00000000c2000000,0x00000000c2808520,0x00000000c4980000)
 Metaspace       used 16127K, capacity 16510K, committed 16768K, reserved 1064960K
  class space    used 2068K, capacity 2163K, committed 2176K, reserved 1048576K
}
Event: 28.932 GC heap before
{Heap before GC invocations=4 (full 0):
 PSYoungGen      total 18432K, used 17416K [0x00000000eb580000, 0x00000000eca00000, 0x0000000100000000)
  eden space 15872K, 100% used [0x00000000eb580000,0x00000000ec500000,0x00000000ec500000)
  from space 2560K, 60% used [0x00000000ec500000,0x00000000ec682020,0x00000000ec780000)
  to   space 2560K, 0% used [0x00000000ec780000,0x00000000ec780000,0x00000000eca00000)
 ParOldGen       total 42496K, used 8225K [0x00000000c2000000, 0x00000000c4980000, 0x00000000eb580000)
  object space 42496K, 19% used [0x00000000c2000000,0x00000000c2808520,0x00000000c4980000)
 Metaspace       used 16192K, capacity 16510K, committed 16768K, reserved 1064960K
  class space    used 2069K, capacity 2163K, committed 2176K, reserved 1048576K
Event: 28.939 GC heap after
Heap after GC invocations=4 (full 0):
 PSYoungGen      total 18432K, used 1352K [0x00000000eb580000, 0x00000000eca00000, 0x0000000100000000)
  eden space 15872K, 0% used [0x00000000eb580000,0x00000000eb580000,0x00000000ec500000)
  from space 2560K, 52% used [0x00000000ec780000,0x00000000ec8d2020,0x00000000eca00000)
  to   space 2560K, 0% used [0x00000000ec500000,0x00000000ec500000,0x00000000ec780000)
 ParOldGen       total 42496K, used 8233K [0x00000000c2000000, 0x00000000c4980000, 0x00000000eb580000)
  object space 42496K, 19% used [0x00000000c2000000,0x00000000c280a520,0x00000000c4980000)
 Metaspace       used 16192K, capacity 16510K, committed 16768K, reserved 1064960K
  class space    used 2069K, capacity 2163K, committed 2176K, reserved 1048576K
}
Event: 36.900 GC heap before
{Heap before GC invocations=5 (full 0):
 PSYoungGen      total 18432K, used 17224K [0x00000000eb580000, 0x00000000eca00000, 0x0000000100000000)
  eden space 15872K, 100% used [0x00000000eb580000,0x00000000ec500000,0x00000000ec500000)
  from space 2560K, 52% used [0x00000000ec780000,0x00000000ec8d2020,0x00000000eca00000)
  to   space 2560K, 0% used [0x00000000ec500000,0x00000000ec500000,0x00000000ec780000)
 ParOldGen       total 42496K, used 8233K [0x00000000c2000000, 0x00000000c4980000, 0x00000000eb580000)
  object space 42496K, 19% used [0x00000000c2000000,0x00000000c280a520,0x00000000c4980000)
 Metaspace       used 16224K, capacity 16510K, committed 16768K, reserved 1064960K
  class space    used 2069K, capacity 2163K, committed 2176K, reserved 1048576K
Event: 36.909 GC heap after
Heap after GC invocations=5 (full 0):
 PSYoungGen      total 18432K, used 1352K [0x00000000eb580000, 0x00000000ecf00000, 0x0000000100000000)
  eden space 15872K, 0% used [0x00000000eb580000,0x00000000eb580000,0x00000000ec500000)
  from space 2560K, 52% used [0x00000000ec500000,0x00000000ec652020,0x00000000ec780000)
  to   space 5120K, 0% used [0x00000000eca00000,0x00000000eca00000,0x00000000ecf00000)
 ParOldGen       total 42496K, used 8241K [0x00000000c2000000, 0x00000000c4980000, 0x00000000eb580000)
  object space 42496K, 19% used [0x00000000c2000000,0x00000000c280c520,0x00000000c4980000)
 Metaspace       used 16224K, capacity 16510K, committed 16768K, reserved 1064960K
  class space    used 2069K, capacity 2163K, committed 2176K, reserved 1048576K
}

