# JRE version: Java(TM) SE Runtime Environment (8.0_60-b27) (build 1.8.0_60-b27)
# Java VM: Java HotSpot(TM) 64-Bit Server VM (25.60-b23 mixed mode windows-amd64 compressed oops)
Heap:
 PSYoungGen      total 20992K, used 7735K [0x00000000eb580000, 0x00000000ecf00000, 0x0000000100000000)
  eden space 15872K, 46% used [0x00000000eb580000,0x00000000ebcadf30,0x00000000ec500000)
  from space 5120K, 7% used [0x00000000ec500000,0x00000000ec560000,0x00000000eca00000)
  to   space 5120K, 0% used [0x00000000eca00000,0x00000000eca00000,0x00000000ecf00000)
 ParOldGen       total 42496K, used 6049K [0x00000000c2000000, 0x00000000c4980000, 0x00000000eb580000)
  object space 42496K, 14% used [0x00000000c2000000,0x00000000c25e87b0,0x00000000c4980000)
 Metaspace       used 16400K, capacity 16726K, committed 16896K, reserved 1064960K
  class space    used 2096K, capacity 2195K, committed 2304K, reserved 1048576K
GC Heap History (10 events):
Event: 94.971 GC heap before
{Heap before GC invocations=7 (full 0):
 PSYoungGen      total 20480K, used 18633K [0x00000000eb580000, 0x00000000ece00000, 0x0000000100000000)
  eden space 15872K, 100% used [0x00000000eb580000,0x00000000ec500000,0x00000000ec500000)
  from space 4608K, 59% used [0x00000000ec980000,0x00000000ecc324f0,0x00000000ece00000)
  to   space 4608K, 0% used [0x00000000ec500000,0x00000000ec500000,0x00000000ec980000)
 ParOldGen       total 42496K, used 3089K [0x00000000c2000000, 0x00000000c4980000, 0x00000000eb580000)
  object space 42496K, 7% used [0x00000000c2000000,0x00000000c23046f0,0x00000000c4980000)
 Metaspace       used 13471K, capacity 13784K, committed 14080K, reserved 1060864K
  class space    used 1598K, capacity 1708K, committed 1792K, reserved 1048576K
Event: 94.977 GC heap after
Heap after GC invocations=7 (full 0):
 PSYoungGen      total 20480K, used 352K [0x00000000eb580000, 0x00000000ecf00000, 0x0000000100000000)
  eden space 15872K, 0% used [0x00000000eb580000,0x00000000eb580000,0x00000000ec500000)
  from space 4608K, 7% used [0x00000000ec500000,0x00000000ec558000,0x00000000ec980000)
  to   space 5120K, 0% used [0x00000000eca00000,0x00000000eca00000,0x00000000ecf00000)
 ParOldGen       total 42496K, used 5506K [0x00000000c2000000, 0x00000000c4980000, 0x00000000eb580000)
  object space 42496K, 12% used [0x00000000c2000000,0x00000000c2560be0,0x00000000c4980000)
 Metaspace       used 13471K, capacity 13784K, committed 14080K, reserved 1060864K
  class space    used 1598K, capacity 1708K, committed 1792K, reserved 1048576K
}
Event: 111.445 GC heap before
{Heap before GC invocations=8 (full 0):
 PSYoungGen      total 20480K, used 16224K [0x00000000eb580000, 0x00000000ecf00000, 0x0000000100000000)
  eden space 15872K, 100% used [0x00000000eb580000,0x00000000ec500000,0x00000000ec500000)
  from space 4608K, 7% used [0x00000000ec500000,0x00000000ec558000,0x00000000ec980000)
  to   space 5120K, 0% used [0x00000000eca00000,0x00000000eca00000,0x00000000ecf00000)
 ParOldGen       total 42496K, used 5506K [0x00000000c2000000, 0x00000000c4980000, 0x00000000eb580000)
  object space 42496K, 12% used [0x00000000c2000000,0x00000000c2560be0,0x00000000c4980000)
 Metaspace       used 13480K, capacity 13784K, committed 14080K, reserved 1060864K
  class space    used 1598K, capacity 1708K, committed 1792K, reserved 1048576K
Event: 111.448 GC heap after
Heap after GC invocations=8 (full 0):
 PSYoungGen      total 20992K, used 384K [0x00000000eb580000, 0x00000000ecf00000, 0x0000000100000000)
  eden space 15872K, 0% used [0x00000000eb580000,0x00000000eb580000,0x00000000ec500000)
  from space 5120K, 7% used [0x00000000eca00000,0x00000000eca60000,0x00000000ecf00000)
  to   space 5120K, 0% used [0x00000000ec500000,0x00000000ec500000,0x00000000eca00000)
 ParOldGen       total 42496K, used 5546K [0x00000000c2000000, 0x00000000c4980000, 0x00000000eb580000)
  object space 42496K, 13% used [0x00000000c2000000,0x00000000c256abe0,0x00000000c4980000)
 Metaspace       used 13480K, capacity 13784K, committed 14080K, reserved 1060864K
  class space    used 1598K, capacity 1708K, committed 1792K, reserved 1048576K
}
Event: 127.095 GC heap before
{Heap before GC invocations=9 (full 0):
 PSYoungGen      total 20992K, used 16256K [0x00000000eb580000, 0x00000000ecf00000, 0x0000000100000000)
  eden space 15872K, 100% used [0x00000000eb580000,0x00000000ec500000,0x00000000ec500000)
  from space 5120K, 7% used [0x00000000eca00000,0x00000000eca60000,0x00000000ecf00000)
  to   space 5120K, 0% used [0x00000000ec500000,0x00000000ec500000,0x00000000eca00000)
 ParOldGen       total 42496K, used 5546K [0x00000000c2000000, 0x00000000c4980000, 0x00000000eb580000)
  object space 42496K, 13% used [0x00000000c2000000,0x00000000c256abe0,0x00000000c4980000)
 Metaspace       used 13712K, capacity 14008K, committed 14080K, reserved 1060864K
  class space    used 1627K, capacity 1740K, committed 1792K, reserved 1048576K
Event: 127.098 GC heap after
Heap after GC invocations=9 (full 0):
 PSYoungGen      total 20992K, used 352K [0x00000000eb580000, 0x00000000ed000000, 0x0000000100000000)
  eden space 15872K, 0% used [0x00000000eb580000,0x00000000eb580000,0x00000000ec500000)
  from space 5120K, 6% used [0x00000000ec500000,0x00000000ec558000,0x00000000eca00000)
  to   space 5632K, 0% used [0x00000000eca80000,0x00000000eca80000,0x00000000ed000000)
 ParOldGen       total 42496K, used 5562K [0x00000000c2000000, 0x00000000c4980000, 0x00000000eb580000)
  object space 42496K, 13% used [0x00000000c2000000,0x00000000c256ebe0,0x00000000c4980000)
 Metaspace       used 13712K, capacity 14008K, committed 14080K, reserved 1060864K
  class space    used 1627K, capacity 1740K, committed 1792K, reserved 1048576K
}
Event: 139.542 GC heap before
{Heap before GC invocations=10 (full 0):
 PSYoungGen      total 20992K, used 16224K [0x00000000eb580000, 0x00000000ed000000, 0x0000000100000000)
  eden space 15872K, 100% used [0x00000000eb580000,0x00000000ec500000,0x00000000ec500000)
  from space 5120K, 6% used [0x00000000ec500000,0x00000000ec558000,0x00000000eca00000)
  to   space 5632K, 0% used [0x00000000eca80000,0x00000000eca80000,0x00000000ed000000)
 ParOldGen       total 42496K, used 5562K [0x00000000c2000000, 0x00000000c4980000, 0x00000000eb580000)
  object space 42496K, 13% used [0x00000000c2000000,0x00000000c256ebe0,0x00000000c4980000)
 Metaspace       used 16328K, capacity 16662K, committed 16896K, reserved 1064960K
  class space    used 2086K, capacity 2195K, committed 2304K, reserved 1048576K
Event: 139.547 GC heap after
Heap after GC invocations=10 (full 0):
 PSYoungGen      total 20480K, used 896K [0x00000000eb580000, 0x00000000ecf00000, 0x0000000100000000)
  eden space 15872K, 0% used [0x00000000eb580000,0x00000000eb580000,0x00000000ec500000)
  from space 4608K, 19% used [0x00000000eca80000,0x00000000ecb60000,0x00000000ecf00000)
  to   space 5120K, 0% used [0x00000000ec500000,0x00000000ec500000,0x00000000eca00000)
 ParOldGen       total 42496K, used 5594K [0x00000000c2000000, 0x00000000c4980000, 0x00000000eb580000)
  object space 42496K, 13% used [0x00000000c2000000,0x00000000c2576840,0x00000000c4980000)
 Metaspace       used 16328K, capacity 16662K, committed 16896K, reserved 1064960K
  class space    used 2086K, capacity 2195K, committed 2304K, reserved 1048576K
}
Event: 152.325 GC heap before
{Heap before GC invocations=11 (full 0):
 PSYoungGen      total 20480K, used 16768K [0x00000000eb580000, 0x00000000ecf00000, 0x0000000100000000)
  eden space 15872K, 100% used [0x00000000eb580000,0x00000000ec500000,0x00000000ec500000)
  from space 4608K, 19% used [0x00000000eca80000,0x00000000ecb60000,0x00000000ecf00000)
  to   space 5120K, 0% used [0x00000000ec500000,0x00000000ec500000,0x00000000eca00000)
 ParOldGen       total 42496K, used 5594K [0x00000000c2000000, 0x00000000c4980000, 0x00000000eb580000)
  object space 42496K, 13% used [0x00000000c2000000,0x00000000c2576840,0x00000000c4980000)
 Metaspace       used 16386K, capacity 16662K, committed 16896K, reserved 1064960K
  class space    used 2095K, capacity 2195K, committed 2304K, reserved 1048576K
Event: 152.327 GC heap after
Heap after GC invocations=11 (full 0):
 PSYoungGen      total 20992K, used 384K [0x00000000eb580000, 0x00000000ecf00000, 0x0000000100000000)
  eden space 15872K, 0% used [0x00000000eb580000,0x00000000eb580000,0x00000000ec500000)
  from space 5120K, 7% used [0x00000000ec500000,0x00000000ec560000,0x00000000eca00000)
  to   space 5120K, 0% used [0x00000000eca00000,0x00000000eca00000,0x00000000ecf00000)
 ParOldGen       total 42496K, used 6049K [0x00000000c2000000, 0x00000000c4980000, 0x00000000eb580000)
  object space 42496K, 14% used [0x00000000c2000000,0x00000000c25e87b0,0x00000000c4980000)
 Metaspace       used 16386K, capacity 16662K, committed 16896K, reserved 1064960K
  class space    used 2095K, capacity 2195K, committed 2304K, reserved 1048576K
}

