# JRE version: Java(TM) SE Runtime Environment (8.0_60-b27) (build 1.8.0_60-b27)
# Java VM: Java HotSpot(TM) 64-Bit Server VM (25.60-b23 mixed mode windows-amd64 compressed oops)
Heap:
 PSYoungGen      total 20992K, used 2959K [0x00000000eb580000, 0x00000000ecf00000, 0x0000000100000000)
  eden space 15872K, 16% used [0x00000000eb580000,0x00000000eb80bfc8,0x00000000ec500000)
  from space 5120K, 6% used [0x00000000ec500000,0x00000000ec558000,0x00000000eca00000)
  to   space 5120K, 0% used [0x00000000eca00000,0x00000000eca00000,0x00000000ecf00000)
 ParOldGen       total 42496K, used 5813K [0x00000000c2000000, 0x00000000c4980000, 0x00000000eb580000)
  object space 42496K, 13% used [0x00000000c2000000,0x00000000c25ad7f8,0x00000000c4980000)
 Metaspace       used 16728K, capacity 17018K, committed 17152K, reserved 1064960K
  class space    used 2125K, capacity 2227K, committed 2304K, reserved 1048576K
GC Heap History (10 events):
Event: 38.442 GC heap before
{Heap before GC invocations=5 (full 0):
 PSYoungGen      total 18432K, used 18424K [0x00000000eb580000, 0x00000000eca00000, 0x0000000100000000)
  eden space 15872K, 100% used [0x00000000eb580000,0x00000000ec500000,0x00000000ec500000)
  from space 2560K, 99% used [0x00000000ec780000,0x00000000ec9fe010,0x00000000eca00000)
  to   space 2560K, 0% used [0x00000000ec500000,0x00000000ec500000,0x00000000ec780000)
 ParOldGen       total 42496K, used 2711K [0x00000000c2000000, 0x00000000c4980000, 0x00000000eb580000)
  object space 42496K, 6% used [0x00000000c2000000,0x00000000c22a5c98,0x00000000c4980000)
 Metaspace       used 16255K, capacity 16538K, committed 16896K, reserved 1064960K
  class space    used 2104K, capacity 2195K, committed 2304K, reserved 1048576K
Event: 38.455 GC heap after
Heap after GC invocations=5 (full 0):
 PSYoungGen      total 18432K, used 2552K [0x00000000eb580000, 0x00000000ece00000, 0x0000000100000000)
  eden space 15872K, 0% used [0x00000000eb580000,0x00000000eb580000,0x00000000ec500000)
  from space 2560K, 99% used [0x00000000ec500000,0x00000000ec77e010,0x00000000ec780000)
  to   space 4608K, 0% used [0x00000000ec980000,0x00000000ec980000,0x00000000ece00000)
 ParOldGen       total 42496K, used 3309K [0x00000000c2000000, 0x00000000c4980000, 0x00000000eb580000)
  object space 42496K, 7% used [0x00000000c2000000,0x00000000c233b578,0x00000000c4980000)
 Metaspace       used 16255K, capacity 16538K, committed 16896K, reserved 1064960K
  class space    used 2104K, capacity 2195K, committed 2304K, reserved 1048576K
}
Event: 54.591 GC heap before
{Heap before GC invocations=6 (full 0):
 PSYoungGen      total 18432K, used 18424K [0x00000000eb580000, 0x00000000ece00000, 0x0000000100000000)
  eden space 15872K, 100% used [0x00000000eb580000,0x00000000ec500000,0x00000000ec500000)
  from space 2560K, 99% used [0x00000000ec500000,0x00000000ec77e010,0x00000000ec780000)
  to   space 4608K, 0% used [0x00000000ec980000,0x00000000ec980000,0x00000000ece00000)
 ParOldGen       total 42496K, used 3309K [0x00000000c2000000, 0x00000000c4980000, 0x00000000eb580000)
  object space 42496K, 7% used [0x00000000c2000000,0x00000000c233b578,0x00000000c4980000)
 Metaspace       used 16600K, capacity 16890K, committed 17152K, reserved 1064960K
  class space    used 2123K, capacity 2227K, committed 2304K, reserved 1048576K
Event: 54.597 GC heap after
Heap after GC invocations=6 (full 0):
 PSYoungGen      total 20480K, used 2968K [0x00000000eb580000, 0x00000000ece00000, 0x0000000100000000)
  eden space 15872K, 0% used [0x00000000eb580000,0x00000000eb580000,0x00000000ec500000)
  from space 4608K, 64% used [0x00000000ec980000,0x00000000ecc66010,0x00000000ece00000)
  to   space 4608K, 0% used [0x00000000ec500000,0x00000000ec500000,0x00000000ec980000)
 ParOldGen       total 42496K, used 3317K [0x00000000c2000000, 0x00000000c4980000, 0x00000000eb580000)
  object space 42496K, 7% used [0x00000000c2000000,0x00000000c233d578,0x00000000c4980000)
 Metaspace       used 16600K, capacity 16890K, committed 17152K, reserved 1064960K
  class space    used 2123K, capacity 2227K, committed 2304K, reserved 1048576K
}
Event: 70.107 GC heap before
{Heap before GC invocations=7 (full 0):
 PSYoungGen      total 20480K, used 18840K [0x00000000eb580000, 0x00000000ece00000, 0x0000000100000000)
  eden space 15872K, 100% used [0x00000000eb580000,0x00000000ec500000,0x00000000ec500000)
  from space 4608K, 64% used [0x00000000ec980000,0x00000000ecc66010,0x00000000ece00000)
  to   space 4608K, 0% used [0x00000000ec500000,0x00000000ec500000,0x00000000ec980000)
 ParOldGen       total 42496K, used 3317K [0x00000000c2000000, 0x00000000c4980000, 0x00000000eb580000)
  object space 42496K, 7% used [0x00000000c2000000,0x00000000c233d578,0x00000000c4980000)
 Metaspace       used 16664K, capacity 16954K, committed 17152K, reserved 1064960K
  class space    used 2124K, capacity 2227K, committed 2304K, reserved 1048576K
Event: 70.118 GC heap after
Heap after GC invocations=7 (full 0):
 PSYoungGen      total 20480K, used 960K [0x00000000eb580000, 0x00000000ecf00000, 0x0000000100000000)
  eden space 15872K, 0% used [0x00000000eb580000,0x00000000eb580000,0x00000000ec500000)
  from space 4608K, 20% used [0x00000000ec500000,0x00000000ec5f0000,0x00000000ec980000)
  to   space 5120K, 0% used [0x00000000eca00000,0x00000000eca00000,0x00000000ecf00000)
 ParOldGen       total 42496K, used 5345K [0x00000000c2000000, 0x00000000c4980000, 0x00000000eb580000)
  object space 42496K, 12% used [0x00000000c2000000,0x00000000c25385e8,0x00000000c4980000)
 Metaspace       used 16664K, capacity 16954K, committed 17152K, reserved 1064960K
  class space    used 2124K, capacity 2227K, committed 2304K, reserved 1048576K
}
Event: 75.035 GC heap before
{Heap before GC invocations=8 (full 0):
 PSYoungGen      total 20480K, used 16832K [0x00000000eb580000, 0x00000000ecf00000, 0x0000000100000000)
  eden space 15872K, 100% used [0x00000000eb580000,0x00000000ec500000,0x00000000ec500000)
  from space 4608K, 20% used [0x00000000ec500000,0x00000000ec5f0000,0x00000000ec980000)
  to   space 5120K, 0% used [0x00000000eca00000,0x00000000eca00000,0x00000000ecf00000)
 ParOldGen       total 42496K, used 5345K [0x00000000c2000000, 0x00000000c4980000, 0x00000000eb580000)
  object space 42496K, 12% used [0x00000000c2000000,0x00000000c25385e8,0x00000000c4980000)
 Metaspace       used 16667K, capacity 16954K, committed 17152K, reserved 1064960K
  class space    used 2124K, capacity 2227K, committed 2304K, reserved 1048576K
Event: 75.037 GC heap after
Heap after GC invocations=8 (full 0):
 PSYoungGen      total 20992K, used 800K [0x00000000eb580000, 0x00000000ecf00000, 0x0000000100000000)
  eden space 15872K, 0% used [0x00000000eb580000,0x00000000eb580000,0x00000000ec500000)
  from space 5120K, 15% used [0x00000000eca00000,0x00000000ecac8000,0x00000000ecf00000)
  to   space 5120K, 0% used [0x00000000ec500000,0x00000000ec500000,0x00000000eca00000)
 ParOldGen       total 42496K, used 5393K [0x00000000c2000000, 0x00000000c4980000, 0x00000000eb580000)
  object space 42496K, 12% used [0x00000000c2000000,0x00000000c25445e8,0x00000000c4980000)
 Metaspace       used 16667K, capacity 16954K, committed 17152K, reserved 1064960K
  class space    used 2124K, capacity 2227K, committed 2304K, reserved 1048576K
}
Event: 86.102 GC heap before
{Heap before GC invocations=9 (full 0):
 PSYoungGen      total 20992K, used 16672K [0x00000000eb580000, 0x00000000ecf00000, 0x0000000100000000)
  eden space 15872K, 100% used [0x00000000eb580000,0x00000000ec500000,0x00000000ec500000)
  from space 5120K, 15% used [0x00000000eca00000,0x00000000ecac8000,0x00000000ecf00000)
  to   space 5120K, 0% used [0x00000000ec500000,0x00000000ec500000,0x00000000eca00000)
 ParOldGen       total 42496K, used 5393K [0x00000000c2000000, 0x00000000c4980000, 0x00000000eb580000)
  object space 42496K, 12% used [0x00000000c2000000,0x00000000c25445e8,0x00000000c4980000)
 Metaspace       used 16699K, capacity 17018K, committed 17152K, reserved 1064960K
  class space    used 2125K, capacity 2227K, committed 2304K, reserved 1048576K
Event: 86.104 GC heap after
Heap after GC invocations=9 (full 0):
 PSYoungGen      total 20992K, used 352K [0x00000000eb580000, 0x00000000ecf00000, 0x0000000100000000)
  eden space 15872K, 0% used [0x00000000eb580000,0x00000000eb580000,0x00000000ec500000)
  from space 5120K, 6% used [0x00000000ec500000,0x00000000ec558000,0x00000000eca00000)
  to   space 5120K, 0% used [0x00000000eca00000,0x00000000eca00000,0x00000000ecf00000)
 ParOldGen       total 42496K, used 5813K [0x00000000c2000000, 0x00000000c4980000, 0x00000000eb580000)
  object space 42496K, 13% used [0x00000000c2000000,0x00000000c25ad7f8,0x00000000c4980000)
 Metaspace       used 16699K, capacity 17018K, committed 17152K, reserved 1064960K
  class space    used 2125K, capacity 2227K, committed 2304K, reserved 1048576K
}

